
> build
> vite build

vite v8.0.10 building client environment for production...
[plugin @laravel/vite-plugin-wayfinder] Types generated for actions, routes, form variants
[2Ktransforming...✓ 2986 modules transformed.
rendering chunks...
computing gzip size...
public/build/assets/instrument-sans-400-normal-Q_nF8v4l.woff2    6.85 kB
public/build/assets/instrument-sans-600-normal-BsaQcF38.woff2    6.94 kB
public/build/assets/instrument-sans-500-normal-CTEe1bJa.woff2    6.98 kB
public/build/assets/instrument-sans-400-normal-r32jotim.woff     8.96 kB
public/build/assets/instrument-sans-500-normal-CAxz3nsc.woff     9.06 kB
public/build/assets/instrument-sans-600-normal-DMks36a2.woff     9.10 kB
public/build/fonts-manifest.json                                11.19 kB │ gzip:  0.97 kB
public/build/manifest.json                                      15.82 kB │ gzip:  1.99 kB
public/build/assets/instrument-sans-400-normal-DRC__1Mx.woff2   16.86 kB
public/build/assets/instrument-sans-500-normal-Dk9ku72i.woff2   17.23 kB
public/build/assets/instrument-sans-600-normal-B7fBEWYG.woff2   17.40 kB
public/build/assets/instrument-sans-400-normal-D1W7dsQl.woff    21.24 kB
public/build/assets/instrument-sans-500-normal-Z6ESRlEs.woff    21.65 kB
public/build/assets/instrument-sans-600-normal-B9e8oLYv.woff    21.67 kB
public/build/assets/fonts-DkuEHybc.css                           4.76 kB │ gzip:  0.55 kB
public/build/assets/app-Ds1aFT64.css                            14.91 kB │ gzip:  3.04 kB
public/build/assets/app-yaswaC0n.css                           114.63 kB │ gzip: 18.70 kB
public/build/assets/check-DjCw8Cvs.js                            0.11 kB │ gzip:  0.13 kB
public/build/assets/loader-circle-q7oLSsEb.js                    0.13 kB │ gzip:  0.14 kB
public/build/assets/arrow-left-BbiLnhQ3.js                       0.15 kB │ gzip:  0.15 kB
public/build/assets/eye-Cya6t_ww.js                              0.24 kB │ gzip:  0.19 kB
public/build/assets/InputError-PKVi_WYI.js                       0.29 kB │ gzip:  0.23 kB
public/build/assets/confirm-7B0sKXnU.js                          0.36 kB │ gzip:  0.22 kB
public/build/assets/DialogFooter-CltT2Jjz.js                     0.40 kB │ gzip:  0.30 kB
public/build/assets/Spinner-C1h7eYVP.js                          0.40 kB │ gzip:  0.29 kB
public/build/assets/TextLink-Bm-OLRlX.js                         0.51 kB │ gzip:  0.34 kB
public/build/assets/DialogDescription-D1ecfxNt.js                0.53 kB │ gzip:  0.37 kB
public/build/assets/trash-2-DuoKcrUO.js                          0.66 kB │ gzip:  0.39 kB
public/build/assets/sun-BHlrI5QG.js                              0.75 kB │ gzip:  0.38 kB
public/build/assets/wayfinder-C5h2ce9u.js                        0.89 kB │ gzip:  0.52 kB
public/build/assets/Label-BE7LsTZA.js                            1.01 kB │ gzip:  0.54 kB
public/build/assets/VerifyEmail-Dx2gJKJZ.js                      1.18 kB │ gzip:  0.69 kB
public/build/assets/Input-DkCI5age.js                            1.19 kB │ gzip:  0.66 kB
public/build/assets/CardTitle-K_eLe1nM.js                        1.24 kB │ gzip:  0.49 kB
public/build/assets/ConfirmPassword-C68xykQ2.js                  1.30 kB │ gzip:  0.73 kB
public/build/assets/Appearance-ftnHCC_c.js                       1.39 kB │ gzip:  0.75 kB
public/build/assets/PasswordInput-D9ksoiiO.js                    1.47 kB │ gzip:  0.85 kB
public/build/assets/verification-BsfN5ZO3.js                     1.48 kB │ gzip:  0.52 kB
public/build/assets/ForgotPassword-C-qQOgbk.js                   1.65 kB │ gzip:  0.88 kB
public/build/assets/ResetPassword-Cs36VTm4.js                    2.09 kB │ gzip:  0.91 kB
public/build/assets/Dashboard-CMZt7Yy3.js                        2.53 kB │ gzip:  0.81 kB
public/build/assets/password-B3_nP1uR.js                         2.73 kB │ gzip:  0.73 kB
public/build/assets/Register-Bmbf0Cw9.js                         2.76 kB │ gzip:  1.14 kB
public/build/assets/Login-DDOSlZwY.js                            2.86 kB │ gzip:  1.27 kB
public/build/assets/RecipeDetail-DGpxIWp9.js                     2.90 kB │ gzip:  1.21 kB
public/build/assets/TwoFactorChallenge-FevzhQqP.js               3.00 kB │ gzip:  1.22 kB
public/build/assets/DialogTitle-rhcbPj3V.js                      3.13 kB │ gzip:  1.24 kB
public/build/assets/PublicLayout-TYYJ5VkL.js                     3.56 kB │ gzip:  1.60 kB
public/build/assets/RecipeIndex-bIvlKAVk.js                      3.70 kB │ gzip:  1.73 kB
public/build/assets/Index-0syeiXWz.js                            3.73 kB │ gzip:  1.63 kB
public/build/assets/Index-DyS9w7iC.js                            4.67 kB │ gzip:  1.83 kB
public/build/assets/Index-DWLtYXfl.js                            4.68 kB │ gzip:  1.85 kB
public/build/assets/Profile-CVhINKKY.js                          7.27 kB │ gzip:  2.62 kB
public/build/assets/Form-B6eCF0j1.js                             7.80 kB │ gzip:  2.64 kB
public/build/assets/Checkbox-CyNVwZG9.js                        10.62 kB │ gzip:  3.85 kB
public/build/assets/login-D94LXkZK.js                           12.77 kB │ gzip:  4.89 kB
public/build/assets/Security-9Gw1ARDK.js                        20.24 kB │ gzip:  6.37 kB
public/build/assets/utils-B4yzJrXq.js                           26.47 kB │ gzip:  8.45 kB
public/build/assets/Welcome-C9FVpdHd.js                         28.59 kB │ gzip:  6.12 kB
public/build/assets/app-B9BzA2P8.js                            178.74 kB │ gzip: 52.09 kB
public/build/assets/dist-DZCB1sFb.js                           221.65 kB │ gzip: 76.36 kB

✓ built in 869ms
